<?xml version="1.0" encoding="UTF-8"?>
<!-- Generated by org.testng.reporters.JUnitXMLReporter -->
<testsuite ignored="0" hostname="Mayank-Macbook.local" failures="0" tests="3" name="Default test" time="3.345" errors="0" timestamp="2023-01-25T23:06:32 IST">
  <testcase classname="com.RestAssuredPractice.PostMethod" name="test1_post_method" time="2.316"/>
  <testcase classname="com.RestAssuredPractice.PostMethod" name="test2_put_method" time="0.389"/>
  <testcase classname="com.RestAssuredPractice.PostMethod" name="test3_delete_method" time="0.602"/>
</testsuite> <!-- Default test -->
