<?xml version="1.0" encoding="UTF-8"?>
<testng-results ignored="0" total="3" passed="3" failed="0" skipped="0">
  <reporter-output>
  </reporter-output>
  <suite started-at="2023-01-25T23:06:29 IST" name="Default suite" finished-at="2023-01-25T23:06:32 IST" duration-ms="3345">
    <groups>
    </groups>
    <test started-at="2023-01-25T23:06:29 IST" name="Default test" finished-at="2023-01-25T23:06:32 IST" duration-ms="3345">
      <class name="com.RestAssuredPractice.PostMethod">
        <test-method signature="test1_post_method()[pri:0, instance:com.RestAssuredPractice.PostMethod@1a84f40f]" started-at="2023-01-25T23:06:29 IST" name="test1_post_method" finished-at="2023-01-25T23:06:31 IST" duration-ms="2316" status="PASS">
          <reporter-output>
          </reporter-output>
        </test-method> <!-- test1_post_method -->
        <test-method signature="test2_put_method()[pri:0, instance:com.RestAssuredPractice.PostMethod@1a84f40f]" started-at="2023-01-25T23:06:31 IST" name="test2_put_method" finished-at="2023-01-25T23:06:32 IST" duration-ms="389" status="PASS">
          <reporter-output>
          </reporter-output>
        </test-method> <!-- test2_put_method -->
        <test-method signature="test3_delete_method()[pri:0, instance:com.RestAssuredPractice.PostMethod@1a84f40f]" started-at="2023-01-25T23:06:32 IST" name="test3_delete_method" finished-at="2023-01-25T23:06:32 IST" duration-ms="602" status="PASS">
          <reporter-output>
          </reporter-output>
        </test-method> <!-- test3_delete_method -->
      </class> <!-- com.RestAssuredPractice.PostMethod -->
    </test> <!-- Default test -->
  </suite> <!-- Default suite -->
</testng-results>
